<?xml version="1.0" encoding="UTF-8"?>
<testsuite xmlns:xsi="http://www.w3.org/2001/XMLSchema-instance" xsi:noNamespaceSchemaLocation="https://maven.apache.org/surefire/maven-surefire-plugin/xsd/surefire-test-report.xsd" name="com.knoldus.AppTest" time="0.041" tests="1" errors="0" skipped="0" failures="0">
  <properties>
    <property name="sun.desktop" value="gnome"/>
    <property name="awt.toolkit" value="sun.awt.X11.XToolkit"/>
    <property name="java.specification.version" value="11"/>
    <property name="sun.cpu.isalist" value=""/>
    <property name="sun.jnu.encoding" value="UTF-8"/>
    <property name="java.class.path" value="/home/knoldus/stringmanipulation/modify-string/string-api/target/test-classes:/home/knoldus/stringmanipulation/modify-string/string-api/target/classes:/home/knoldus/.m2/repository/junit/junit/4.11/junit-4.11.jar:/home/knoldus/.m2/repository/org/hamcrest/hamcrest-core/1.3/hamcrest-core-1.3.jar:/home/knoldus/.m2/repository/org/apache/maven/plugins/maven-checkstyle-plugin/3.2.1/maven-checkstyle-plugin-3.2.1.jar:/home/knoldus/.m2/repository/org/apache/maven/reporting/maven-reporting-api/3.1.1/maven-reporting-api-3.1.1.jar:/home/knoldus/.m2/repository/org/apache/maven/reporting/maven-reporting-impl/3.2.0/maven-reporting-impl-3.2.0.jar:/home/knoldus/.m2/repository/org/apache/maven/maven-core/3.1.0/maven-core-3.1.0.jar:/home/knoldus/.m2/repository/org/apache/maven/maven-settings/3.1.0/maven-settings-3.1.0.jar:/home/knoldus/.m2/repository/org/apache/maven/maven-settings-builder/3.1.0/maven-settings-builder-3.1.0.jar:/home/knoldus/.m2/repository/org/apache/maven/maven-repository-metadata/3.1.0/maven-repository-metadata-3.1.0.jar:/home/knoldus/.m2/repository/org/apache/maven/maven-model-builder/3.1.0/maven-model-builder-3.1.0.jar:/home/knoldus/.m2/repository/org/apache/maven/maven-aether-provider/3.1.0/maven-aether-provider-3.1.0.jar:/home/knoldus/.m2/repository/org/eclipse/aether/aether-spi/0.9.0.M2/aether-spi-0.9.0.M2.jar:/home/knoldus/.m2/repository/org/eclipse/aether/aether-impl/0.9.0.M2/aether-impl-0.9.0.M2.jar:/home/knoldus/.m2/repository/org/eclipse/aether/aether-api/0.9.0.M2/aether-api-0.9.0.M2.jar:/home/knoldus/.m2/repository/org/eclipse/aether/aether-util/0.9.0.M2/aether-util-0.9.0.M2.jar:/home/knoldus/.m2/repository/org/eclipse/sisu/org.eclipse.sisu.plexus/0.0.0.M2a/org.eclipse.sisu.plexus-0.0.0.M2a.jar:/home/knoldus/.m2/repository/javax/enterprise/cdi-api/1.0/cdi-api-1.0.jar:/home/knoldus/.m2/repository/javax/annotation/jsr250-api/1.0/jsr250-api-1.0.jar:/home/knoldus/.m2/repository/javax/inject/javax.inject/1/javax.inject-1.jar:/home/knoldus/.m2/repository/org/sonatype/sisu/sisu-guice/3.1.0/sisu-guice-3.1.0-no_aop.jar:/home/knoldus/.m2/repository/aopalliance/aopalliance/1.0/aopalliance-1.0.jar:/home/knoldus/.m2/repository/org/eclipse/sisu/org.eclipse.sisu.inject/0.0.0.M2a/org.eclipse.sisu.inject-0.0.0.M2a.jar:/home/knoldus/.m2/repository/asm/asm/3.3.1/asm-3.3.1.jar:/home/knoldus/.m2/repository/org/sonatype/plexus/plexus-sec-dispatcher/1.3/plexus-sec-dispatcher-1.3.jar:/home/knoldus/.m2/repository/org/sonatype/plexus/plexus-cipher/1.4/plexus-cipher-1.4.jar:/home/knoldus/.m2/repository/org/apache/maven/maven-artifact/3.1.0/maven-artifact-3.1.0.jar:/home/knoldus/.m2/repository/org/apache/maven/maven-plugin-api/3.1.0/maven-plugin-api-3.1.0.jar:/home/knoldus/.m2/repository/org/apache/maven/doxia/doxia-sink-api/1.11.1/doxia-sink-api-1.11.1.jar:/home/knoldus/.m2/repository/org/apache/maven/doxia/doxia-logging-api/1.11.1/doxia-logging-api-1.11.1.jar:/home/knoldus/.m2/repository/org/apache/maven/doxia/doxia-core/1.11.1/doxia-core-1.11.1.jar:/home/knoldus/.m2/repository/org/apache/commons/commons-text/1.3/commons-text-1.3.jar:/home/knoldus/.m2/repository/org/apache/httpcomponents/httpclient/4.5.13/httpclient-4.5.13.jar:/home/knoldus/.m2/repository/commons-logging/commons-logging/1.2/commons-logging-1.2.jar:/home/knoldus/.m2/repository/org/apache/httpcomponents/httpcore/4.4.14/httpcore-4.4.14.jar:/home/knoldus/.m2/repository/org/apache/maven/doxia/doxia-integration-tools/1.11.1/doxia-integration-tools-1.11.1.jar:/home/knoldus/.m2/repository/org/apache/maven/maven-model/2.2.1/maven-model-2.2.1.jar:/home/knoldus/.m2/repository/org/codehaus/plexus/plexus-i18n/1.0-beta-10/plexus-i18n-1.0-beta-10.jar:/home/knoldus/.m2/repository/org/codehaus/plexus/plexus-interpolation/1.26/plexus-interpolation-1.26.jar:/home/knoldus/.m2/repository/org/codehaus/plexus/plexus-component-annotations/2.1.1/plexus-component-annotations-2.1.1.jar:/home/knoldus/.m2/repository/org/codehaus/plexus/plexus-resources/1.1.0/plexus-resources-1.1.0.jar:/home/knoldus/.m2/repository/org/codehaus/plexus/plexus-utils/3.4.2/plexus-utils-3.4.2.jar:/home/knoldus/.m2/repository/org/codehaus/plexus/plexus-velocity/1.2/plexus-velocity-1.2.jar:/home/knoldus/.m2/repository/com/puppycrawl/tools/checkstyle/9.3/checkstyle-9.3.jar:/home/knoldus/.m2/repository/info/picocli/picocli/4.6.2/picocli-4.6.2.jar:/home/knoldus/.m2/repository/org/antlr/antlr4-runtime/4.9.3/antlr4-runtime-4.9.3.jar:/home/knoldus/.m2/repository/com/google/guava/guava/31.0.1-jre/guava-31.0.1-jre.jar:/home/knoldus/.m2/repository/com/google/guava/failureaccess/1.0.1/failureaccess-1.0.1.jar:/home/knoldus/.m2/repository/com/google/guava/listenablefuture/9999.0-empty-to-avoid-conflict-with-guava/listenablefuture-9999.0-empty-to-avoid-conflict-with-guava.jar:/home/knoldus/.m2/repository/com/google/code/findbugs/jsr305/3.0.2/jsr305-3.0.2.jar:/home/knoldus/.m2/repository/org/checkerframework/checker-qual/3.12.0/checker-qual-3.12.0.jar:/home/knoldus/.m2/repository/com/google/errorprone/error_prone_annotations/2.7.1/error_prone_annotations-2.7.1.jar:/home/knoldus/.m2/repository/com/google/j2objc/j2objc-annotations/1.3/j2objc-annotations-1.3.jar:/home/knoldus/.m2/repository/org/reflections/reflections/0.10.2/reflections-0.10.2.jar:/home/knoldus/.m2/repository/org/javassist/javassist/3.28.0-GA/javassist-3.28.0-GA.jar:/home/knoldus/.m2/repository/net/sf/saxon/Saxon-HE/10.6/Saxon-HE-10.6.jar:/home/knoldus/.m2/repository/org/apache/velocity/velocity/1.7/velocity-1.7.jar:/home/knoldus/.m2/repository/javax/xml/bind/jaxb-api/2.3.1/jaxb-api-2.3.1.jar:/home/knoldus/.m2/repository/javax/activation/javax.activation-api/1.2.0/javax.activation-api-1.2.0.jar:/home/knoldus/.m2/repository/com/github/spotbugs/spotbugs-maven-plugin/4.7.3.0/spotbugs-maven-plugin-4.7.3.0.jar:/home/knoldus/.m2/repository/com/github/spotbugs/spotbugs/4.7.3/spotbugs-4.7.3.jar:/home/knoldus/.m2/repository/org/apache/bcel/bcel/6.5.0/bcel-6.5.0.jar:/home/knoldus/.m2/repository/net/jcip/jcip-annotations/1.0/jcip-annotations-1.0.jar:/home/knoldus/.m2/repository/org/dom4j/dom4j/2.1.3/dom4j-2.1.3.jar:/home/knoldus/.m2/repository/com/github/spotbugs/spotbugs-annotations/4.7.3/spotbugs-annotations-4.7.3.jar:/home/knoldus/.m2/repository/com/google/code/gson/gson/2.9.1/gson-2.9.1.jar:/home/knoldus/.m2/repository/jaxen/jaxen/1.2.0/jaxen-1.2.0.jar:/home/knoldus/.m2/repository/org/apache/logging/log4j/log4j-core/2.19.0/log4j-core-2.19.0.jar:/home/knoldus/.m2/repository/org/apache/logging/log4j/log4j-api/2.19.0/log4j-api-2.19.0.jar:/home/knoldus/.m2/repository/org/slf4j/jcl-over-slf4j/2.0.3/jcl-over-slf4j-2.0.3.jar:/home/knoldus/.m2/repository/org/slf4j/slf4j-api/2.0.3/slf4j-api-2.0.3.jar:/home/knoldus/.m2/repository/org/slf4j/slf4j-simple/2.0.3/slf4j-simple-2.0.3.jar:/home/knoldus/.m2/repository/org/ow2/asm/asm/9.4/asm-9.4.jar:/home/knoldus/.m2/repository/org/ow2/asm/asm-analysis/9.4/asm-analysis-9.4.jar:/home/knoldus/.m2/repository/org/ow2/asm/asm-commons/9.4/asm-commons-9.4.jar:/home/knoldus/.m2/repository/org/ow2/asm/asm-tree/9.4/asm-tree-9.4.jar:/home/knoldus/.m2/repository/org/ow2/asm/asm-util/9.4/asm-util-9.4.jar:/home/knoldus/.m2/repository/org/apache/ant/ant/1.10.12/ant-1.10.12.jar:/home/knoldus/.m2/repository/org/apache/ant/ant-launcher/1.10.12/ant-launcher-1.10.12.jar:/home/knoldus/.m2/repository/org/apache/groovy/groovy/4.0.6/groovy-4.0.6.jar:/home/knoldus/.m2/repository/org/apache/groovy/groovy-ant/4.0.6/groovy-ant-4.0.6.jar:/home/knoldus/.m2/repository/org/apache/groovy/groovy-groovydoc/4.0.6/groovy-groovydoc-4.0.6.jar:/home/knoldus/.m2/repository/org/apache/groovy/groovy-dateutil/4.0.6/groovy-dateutil-4.0.6.jar:/home/knoldus/.m2/repository/org/apache/groovy/groovy-docgenerator/4.0.6/groovy-docgenerator-4.0.6.jar:/home/knoldus/.m2/repository/com/thoughtworks/qdox/qdox/1.12.1/qdox-1.12.1.jar:/home/knoldus/.m2/repository/org/apache/groovy/groovy-json/4.0.6/groovy-json-4.0.6.jar:/home/knoldus/.m2/repository/org/apache/groovy/groovy-templates/4.0.6/groovy-templates-4.0.6.jar:/home/knoldus/.m2/repository/org/apache/groovy/groovy-xml/4.0.6/groovy-xml-4.0.6.jar:/home/knoldus/.m2/repository/com/github/javaparser/javaparser-core/3.24.7/javaparser-core-3.24.7.jar:/home/knoldus/.m2/repository/org/apache/maven/shared/maven-artifact-transfer/0.13.1/maven-artifact-transfer-0.13.1.jar:/home/knoldus/.m2/repository/org/apache/maven/shared/maven-common-artifact-filters/3.3.2/maven-common-artifact-filters-3.3.2.jar:/home/knoldus/.m2/repository/org/apache/maven/shared/maven-shared-utils/3.3.4/maven-shared-utils-3.3.4.jar:/home/knoldus/.m2/repository/org/apache/maven/doxia/doxia-decoration-model/1.11.1/doxia-decoration-model-1.11.1.jar:/home/knoldus/.m2/repository/org/apache/maven/doxia/doxia-site-renderer/1.11.1/doxia-site-renderer-1.11.1.jar:/home/knoldus/.m2/repository/org/apache/maven/doxia/doxia-skin-model/1.11.1/doxia-skin-model-1.11.1.jar:/home/knoldus/.m2/repository/org/apache/maven/doxia/doxia-module-xhtml/1.11.1/doxia-module-xhtml-1.11.1.jar:/home/knoldus/.m2/repository/org/apache/maven/doxia/doxia-module-xhtml5/1.11.1/doxia-module-xhtml5-1.11.1.jar:/home/knoldus/.m2/repository/org/apache/velocity/velocity-tools/2.0/velocity-tools-2.0.jar:/home/knoldus/.m2/repository/oro/oro/2.0.8/oro-2.0.8.jar:/home/knoldus/.m2/repository/commons-beanutils/commons-beanutils/1.9.4/commons-beanutils-1.9.4.jar:/home/knoldus/.m2/repository/commons-chain/commons-chain/1.2/commons-chain-1.2.jar:/home/knoldus/.m2/repository/commons-codec/commons-codec/1.15/commons-codec-1.15.jar:/home/knoldus/.m2/repository/commons-collections/commons-collections/3.2.2/commons-collections-3.2.2.jar:/home/knoldus/.m2/repository/commons-digester/commons-digester/2.1/commons-digester-2.1.jar:/home/knoldus/.m2/repository/commons-io/commons-io/2.11.0/commons-io-2.11.0.jar:/home/knoldus/.m2/repository/commons-lang/commons-lang/2.6/commons-lang-2.6.jar:/home/knoldus/.m2/repository/org/apache/commons/commons-lang3/3.12.0/commons-lang3-3.12.0.jar:/home/knoldus/.m2/repository/org/codehaus/plexus/plexus-container-default/2.1.1/plexus-container-default-2.1.1.jar:/home/knoldus/.m2/repository/org/codehaus/plexus/plexus-classworlds/2.6.0/plexus-classworlds-2.6.0.jar:/home/knoldus/.m2/repository/org/apache/xbean/xbean-reflect/3.7/xbean-reflect-3.7.jar:/home/knoldus/.m2/repository/org/apache/maven/plugins/maven-surefire-plugin/3.0.0-M9/maven-surefire-plugin-3.0.0-M9.jar:/home/knoldus/.m2/repository/org/apache/maven/surefire/maven-surefire-common/3.0.0-M9/maven-surefire-common-3.0.0-M9.jar:/home/knoldus/.m2/repository/org/apache/maven/surefire/surefire-api/3.0.0-M9/surefire-api-3.0.0-M9.jar:/home/knoldus/.m2/repository/org/apache/maven/surefire/surefire-logger-api/3.0.0-M9/surefire-logger-api-3.0.0-M9.jar:/home/knoldus/.m2/repository/org/apache/maven/surefire/surefire-extensions-api/3.0.0-M9/surefire-extensions-api-3.0.0-M9.jar:/home/knoldus/.m2/repository/org/apache/maven/surefire/surefire-booter/3.0.0-M9/surefire-booter-3.0.0-M9.jar:/home/knoldus/.m2/repository/org/apache/maven/surefire/surefire-extensions-spi/3.0.0-M9/surefire-extensions-spi-3.0.0-M9.jar:/home/knoldus/.m2/repository/org/codehaus/plexus/plexus-java/1.1.2/plexus-java-1.1.2.jar:/home/knoldus/.m2/repository/org/apache/maven/surefire/surefire-shared-utils/3.0.0-M9/surefire-shared-utils-3.0.0-M9.jar:/home/knoldus/.m2/repository/org/codehaus/mojo/exec-maven-plugin/3.1.0/exec-maven-plugin-3.1.0.jar:/home/knoldus/.m2/repository/org/apache/commons/commons-exec/1.3/commons-exec-1.3.jar:"/>
    <property name="java.vm.vendor" value="Ubuntu"/>
    <property name="sun.arch.data.model" value="64"/>
    <property name="java.vendor.url" value="https://ubuntu.com/"/>
    <property name="user.timezone" value=""/>
    <property name="java.vm.specification.version" value="11"/>
    <property name="os.name" value="Linux"/>
    <property name="sun.java.launcher" value="SUN_STANDARD"/>
    <property name="user.country" value="IN"/>
    <property name="sun.boot.library.path" value="/usr/lib/jvm/java-11-openjdk-amd64/lib"/>
    <property name="sun.java.command" value="/home/knoldus/stringmanipulation/modify-string/string-api/target/surefire/surefirebooter548808456868071166.jar /home/knoldus/stringmanipulation/modify-string/string-api/target/surefire 2023-02-24T18-49-58_368-jvmRun1 surefire17957623730030128334tmp surefire_015479436568881436976tmp"/>
    <property name="jdk.debug" value="release"/>
    <property name="surefire.test.class.path" value="/home/knoldus/stringmanipulation/modify-string/string-api/target/test-classes:/home/knoldus/stringmanipulation/modify-string/string-api/target/classes:/home/knoldus/.m2/repository/junit/junit/4.11/junit-4.11.jar:/home/knoldus/.m2/repository/org/hamcrest/hamcrest-core/1.3/hamcrest-core-1.3.jar:/home/knoldus/.m2/repository/org/apache/maven/plugins/maven-checkstyle-plugin/3.2.1/maven-checkstyle-plugin-3.2.1.jar:/home/knoldus/.m2/repository/org/apache/maven/reporting/maven-reporting-api/3.1.1/maven-reporting-api-3.1.1.jar:/home/knoldus/.m2/repository/org/apache/maven/reporting/maven-reporting-impl/3.2.0/maven-reporting-impl-3.2.0.jar:/home/knoldus/.m2/repository/org/apache/maven/maven-core/3.1.0/maven-core-3.1.0.jar:/home/knoldus/.m2/repository/org/apache/maven/maven-settings/3.1.0/maven-settings-3.1.0.jar:/home/knoldus/.m2/repository/org/apache/maven/maven-settings-builder/3.1.0/maven-settings-builder-3.1.0.jar:/home/knoldus/.m2/repository/org/apache/maven/maven-repository-metadata/3.1.0/maven-repository-metadata-3.1.0.jar:/home/knoldus/.m2/repository/org/apache/maven/maven-model-builder/3.1.0/maven-model-builder-3.1.0.jar:/home/knoldus/.m2/repository/org/apache/maven/maven-aether-provider/3.1.0/maven-aether-provider-3.1.0.jar:/home/knoldus/.m2/repository/org/eclipse/aether/aether-spi/0.9.0.M2/aether-spi-0.9.0.M2.jar:/home/knoldus/.m2/repository/org/eclipse/aether/aether-impl/0.9.0.M2/aether-impl-0.9.0.M2.jar:/home/knoldus/.m2/repository/org/eclipse/aether/aether-api/0.9.0.M2/aether-api-0.9.0.M2.jar:/home/knoldus/.m2/repository/org/eclipse/aether/aether-util/0.9.0.M2/aether-util-0.9.0.M2.jar:/home/knoldus/.m2/repository/org/eclipse/sisu/org.eclipse.sisu.plexus/0.0.0.M2a/org.eclipse.sisu.plexus-0.0.0.M2a.jar:/home/knoldus/.m2/repository/javax/enterprise/cdi-api/1.0/cdi-api-1.0.jar:/home/knoldus/.m2/repository/javax/annotation/jsr250-api/1.0/jsr250-api-1.0.jar:/home/knoldus/.m2/repository/javax/inject/javax.inject/1/javax.inject-1.jar:/home/knoldus/.m2/repository/org/sonatype/sisu/sisu-guice/3.1.0/sisu-guice-3.1.0-no_aop.jar:/home/knoldus/.m2/repository/aopalliance/aopalliance/1.0/aopalliance-1.0.jar:/home/knoldus/.m2/repository/org/eclipse/sisu/org.eclipse.sisu.inject/0.0.0.M2a/org.eclipse.sisu.inject-0.0.0.M2a.jar:/home/knoldus/.m2/repository/asm/asm/3.3.1/asm-3.3.1.jar:/home/knoldus/.m2/repository/org/sonatype/plexus/plexus-sec-dispatcher/1.3/plexus-sec-dispatcher-1.3.jar:/home/knoldus/.m2/repository/org/sonatype/plexus/plexus-cipher/1.4/plexus-cipher-1.4.jar:/home/knoldus/.m2/repository/org/apache/maven/maven-artifact/3.1.0/maven-artifact-3.1.0.jar:/home/knoldus/.m2/repository/org/apache/maven/maven-plugin-api/3.1.0/maven-plugin-api-3.1.0.jar:/home/knoldus/.m2/repository/org/apache/maven/doxia/doxia-sink-api/1.11.1/doxia-sink-api-1.11.1.jar:/home/knoldus/.m2/repository/org/apache/maven/doxia/doxia-logging-api/1.11.1/doxia-logging-api-1.11.1.jar:/home/knoldus/.m2/repository/org/apache/maven/doxia/doxia-core/1.11.1/doxia-core-1.11.1.jar:/home/knoldus/.m2/repository/org/apache/commons/commons-text/1.3/commons-text-1.3.jar:/home/knoldus/.m2/repository/org/apache/httpcomponents/httpclient/4.5.13/httpclient-4.5.13.jar:/home/knoldus/.m2/repository/commons-logging/commons-logging/1.2/commons-logging-1.2.jar:/home/knoldus/.m2/repository/org/apache/httpcomponents/httpcore/4.4.14/httpcore-4.4.14.jar:/home/knoldus/.m2/repository/org/apache/maven/doxia/doxia-integration-tools/1.11.1/doxia-integration-tools-1.11.1.jar:/home/knoldus/.m2/repository/org/apache/maven/maven-model/2.2.1/maven-model-2.2.1.jar:/home/knoldus/.m2/repository/org/codehaus/plexus/plexus-i18n/1.0-beta-10/plexus-i18n-1.0-beta-10.jar:/home/knoldus/.m2/repository/org/codehaus/plexus/plexus-interpolation/1.26/plexus-interpolation-1.26.jar:/home/knoldus/.m2/repository/org/codehaus/plexus/plexus-component-annotations/2.1.1/plexus-component-annotations-2.1.1.jar:/home/knoldus/.m2/repository/org/codehaus/plexus/plexus-resources/1.1.0/plexus-resources-1.1.0.jar:/home/knoldus/.m2/repository/org/codehaus/plexus/plexus-utils/3.4.2/plexus-utils-3.4.2.jar:/home/knoldus/.m2/repository/org/codehaus/plexus/plexus-velocity/1.2/plexus-velocity-1.2.jar:/home/knoldus/.m2/repository/com/puppycrawl/tools/checkstyle/9.3/checkstyle-9.3.jar:/home/knoldus/.m2/repository/info/picocli/picocli/4.6.2/picocli-4.6.2.jar:/home/knoldus/.m2/repository/org/antlr/antlr4-runtime/4.9.3/antlr4-runtime-4.9.3.jar:/home/knoldus/.m2/repository/com/google/guava/guava/31.0.1-jre/guava-31.0.1-jre.jar:/home/knoldus/.m2/repository/com/google/guava/failureaccess/1.0.1/failureaccess-1.0.1.jar:/home/knoldus/.m2/repository/com/google/guava/listenablefuture/9999.0-empty-to-avoid-conflict-with-guava/listenablefuture-9999.0-empty-to-avoid-conflict-with-guava.jar:/home/knoldus/.m2/repository/com/google/code/findbugs/jsr305/3.0.2/jsr305-3.0.2.jar:/home/knoldus/.m2/repository/org/checkerframework/checker-qual/3.12.0/checker-qual-3.12.0.jar:/home/knoldus/.m2/repository/com/google/errorprone/error_prone_annotations/2.7.1/error_prone_annotations-2.7.1.jar:/home/knoldus/.m2/repository/com/google/j2objc/j2objc-annotations/1.3/j2objc-annotations-1.3.jar:/home/knoldus/.m2/repository/org/reflections/reflections/0.10.2/reflections-0.10.2.jar:/home/knoldus/.m2/repository/org/javassist/javassist/3.28.0-GA/javassist-3.28.0-GA.jar:/home/knoldus/.m2/repository/net/sf/saxon/Saxon-HE/10.6/Saxon-HE-10.6.jar:/home/knoldus/.m2/repository/org/apache/velocity/velocity/1.7/velocity-1.7.jar:/home/knoldus/.m2/repository/javax/xml/bind/jaxb-api/2.3.1/jaxb-api-2.3.1.jar:/home/knoldus/.m2/repository/javax/activation/javax.activation-api/1.2.0/javax.activation-api-1.2.0.jar:/home/knoldus/.m2/repository/com/github/spotbugs/spotbugs-maven-plugin/4.7.3.0/spotbugs-maven-plugin-4.7.3.0.jar:/home/knoldus/.m2/repository/com/github/spotbugs/spotbugs/4.7.3/spotbugs-4.7.3.jar:/home/knoldus/.m2/repository/org/apache/bcel/bcel/6.5.0/bcel-6.5.0.jar:/home/knoldus/.m2/repository/net/jcip/jcip-annotations/1.0/jcip-annotations-1.0.jar:/home/knoldus/.m2/repository/org/dom4j/dom4j/2.1.3/dom4j-2.1.3.jar:/home/knoldus/.m2/repository/com/github/spotbugs/spotbugs-annotations/4.7.3/spotbugs-annotations-4.7.3.jar:/home/knoldus/.m2/repository/com/google/code/gson/gson/2.9.1/gson-2.9.1.jar:/home/knoldus/.m2/repository/jaxen/jaxen/1.2.0/jaxen-1.2.0.jar:/home/knoldus/.m2/repository/org/apache/logging/log4j/log4j-core/2.19.0/log4j-core-2.19.0.jar:/home/knoldus/.m2/repository/org/apache/logging/log4j/log4j-api/2.19.0/log4j-api-2.19.0.jar:/home/knoldus/.m2/repository/org/slf4j/jcl-over-slf4j/2.0.3/jcl-over-slf4j-2.0.3.jar:/home/knoldus/.m2/repository/org/slf4j/slf4j-api/2.0.3/slf4j-api-2.0.3.jar:/home/knoldus/.m2/repository/org/slf4j/slf4j-simple/2.0.3/slf4j-simple-2.0.3.jar:/home/knoldus/.m2/repository/org/ow2/asm/asm/9.4/asm-9.4.jar:/home/knoldus/.m2/repository/org/ow2/asm/asm-analysis/9.4/asm-analysis-9.4.jar:/home/knoldus/.m2/repository/org/ow2/asm/asm-commons/9.4/asm-commons-9.4.jar:/home/knoldus/.m2/repository/org/ow2/asm/asm-tree/9.4/asm-tree-9.4.jar:/home/knoldus/.m2/repository/org/ow2/asm/asm-util/9.4/asm-util-9.4.jar:/home/knoldus/.m2/repository/org/apache/ant/ant/1.10.12/ant-1.10.12.jar:/home/knoldus/.m2/repository/org/apache/ant/ant-launcher/1.10.12/ant-launcher-1.10.12.jar:/home/knoldus/.m2/repository/org/apache/groovy/groovy/4.0.6/groovy-4.0.6.jar:/home/knoldus/.m2/repository/org/apache/groovy/groovy-ant/4.0.6/groovy-ant-4.0.6.jar:/home/knoldus/.m2/repository/org/apache/groovy/groovy-groovydoc/4.0.6/groovy-groovydoc-4.0.6.jar:/home/knoldus/.m2/repository/org/apache/groovy/groovy-dateutil/4.0.6/groovy-dateutil-4.0.6.jar:/home/knoldus/.m2/repository/org/apache/groovy/groovy-docgenerator/4.0.6/groovy-docgenerator-4.0.6.jar:/home/knoldus/.m2/repository/com/thoughtworks/qdox/qdox/1.12.1/qdox-1.12.1.jar:/home/knoldus/.m2/repository/org/apache/groovy/groovy-json/4.0.6/groovy-json-4.0.6.jar:/home/knoldus/.m2/repository/org/apache/groovy/groovy-templates/4.0.6/groovy-templates-4.0.6.jar:/home/knoldus/.m2/repository/org/apache/groovy/groovy-xml/4.0.6/groovy-xml-4.0.6.jar:/home/knoldus/.m2/repository/com/github/javaparser/javaparser-core/3.24.7/javaparser-core-3.24.7.jar:/home/knoldus/.m2/repository/org/apache/maven/shared/maven-artifact-transfer/0.13.1/maven-artifact-transfer-0.13.1.jar:/home/knoldus/.m2/repository/org/apache/maven/shared/maven-common-artifact-filters/3.3.2/maven-common-artifact-filters-3.3.2.jar:/home/knoldus/.m2/repository/org/apache/maven/shared/maven-shared-utils/3.3.4/maven-shared-utils-3.3.4.jar:/home/knoldus/.m2/repository/org/apache/maven/doxia/doxia-decoration-model/1.11.1/doxia-decoration-model-1.11.1.jar:/home/knoldus/.m2/repository/org/apache/maven/doxia/doxia-site-renderer/1.11.1/doxia-site-renderer-1.11.1.jar:/home/knoldus/.m2/repository/org/apache/maven/doxia/doxia-skin-model/1.11.1/doxia-skin-model-1.11.1.jar:/home/knoldus/.m2/repository/org/apache/maven/doxia/doxia-module-xhtml/1.11.1/doxia-module-xhtml-1.11.1.jar:/home/knoldus/.m2/repository/org/apache/maven/doxia/doxia-module-xhtml5/1.11.1/doxia-module-xhtml5-1.11.1.jar:/home/knoldus/.m2/repository/org/apache/velocity/velocity-tools/2.0/velocity-tools-2.0.jar:/home/knoldus/.m2/repository/oro/oro/2.0.8/oro-2.0.8.jar:/home/knoldus/.m2/repository/commons-beanutils/commons-beanutils/1.9.4/commons-beanutils-1.9.4.jar:/home/knoldus/.m2/repository/commons-chain/commons-chain/1.2/commons-chain-1.2.jar:/home/knoldus/.m2/repository/commons-codec/commons-codec/1.15/commons-codec-1.15.jar:/home/knoldus/.m2/repository/commons-collections/commons-collections/3.2.2/commons-collections-3.2.2.jar:/home/knoldus/.m2/repository/commons-digester/commons-digester/2.1/commons-digester-2.1.jar:/home/knoldus/.m2/repository/commons-io/commons-io/2.11.0/commons-io-2.11.0.jar:/home/knoldus/.m2/repository/commons-lang/commons-lang/2.6/commons-lang-2.6.jar:/home/knoldus/.m2/repository/org/apache/commons/commons-lang3/3.12.0/commons-lang3-3.12.0.jar:/home/knoldus/.m2/repository/org/codehaus/plexus/plexus-container-default/2.1.1/plexus-container-default-2.1.1.jar:/home/knoldus/.m2/repository/org/codehaus/plexus/plexus-classworlds/2.6.0/plexus-classworlds-2.6.0.jar:/home/knoldus/.m2/repository/org/apache/xbean/xbean-reflect/3.7/xbean-reflect-3.7.jar:/home/knoldus/.m2/repository/org/apache/maven/plugins/maven-surefire-plugin/3.0.0-M9/maven-surefire-plugin-3.0.0-M9.jar:/home/knoldus/.m2/repository/org/apache/maven/surefire/maven-surefire-common/3.0.0-M9/maven-surefire-common-3.0.0-M9.jar:/home/knoldus/.m2/repository/org/apache/maven/surefire/surefire-api/3.0.0-M9/surefire-api-3.0.0-M9.jar:/home/knoldus/.m2/repository/org/apache/maven/surefire/surefire-logger-api/3.0.0-M9/surefire-logger-api-3.0.0-M9.jar:/home/knoldus/.m2/repository/org/apache/maven/surefire/surefire-extensions-api/3.0.0-M9/surefire-extensions-api-3.0.0-M9.jar:/home/knoldus/.m2/repository/org/apache/maven/surefire/surefire-booter/3.0.0-M9/surefire-booter-3.0.0-M9.jar:/home/knoldus/.m2/repository/org/apache/maven/surefire/surefire-extensions-spi/3.0.0-M9/surefire-extensions-spi-3.0.0-M9.jar:/home/knoldus/.m2/repository/org/codehaus/plexus/plexus-java/1.1.2/plexus-java-1.1.2.jar:/home/knoldus/.m2/repository/org/apache/maven/surefire/surefire-shared-utils/3.0.0-M9/surefire-shared-utils-3.0.0-M9.jar:/home/knoldus/.m2/repository/org/codehaus/mojo/exec-maven-plugin/3.1.0/exec-maven-plugin-3.1.0.jar:/home/knoldus/.m2/repository/org/apache/commons/commons-exec/1.3/commons-exec-1.3.jar:"/>
    <property name="sun.cpu.endian" value="little"/>
    <property name="user.home" value="/home/knoldus"/>
    <property name="user.language" value="en"/>
    <property name="java.specification.vendor" value="Oracle Corporation"/>
    <property name="java.version.date" value="2022-10-18"/>
    <property name="java.home" value="/usr/lib/jvm/java-11-openjdk-amd64"/>
    <property name="file.separator" value="/"/>
    <property name="basedir" value="/home/knoldus/stringmanipulation/modify-string/string-api"/>
    <property name="java.vm.compressedOopsMode" value="Zero based"/>
    <property name="line.separator" value="&#10;"/>
    <property name="java.specification.name" value="Java Platform API Specification"/>
    <property name="java.vm.specification.vendor" value="Oracle Corporation"/>
    <property name="java.awt.graphicsenv" value="sun.awt.X11GraphicsEnvironment"/>
    <property name="surefire.real.class.path" value="/home/knoldus/stringmanipulation/modify-string/string-api/target/surefire/surefirebooter548808456868071166.jar"/>
    <property name="sun.management.compiler" value="HotSpot 64-Bit Tiered Compilers"/>
    <property name="java.runtime.version" value="11.0.17+8-post-Ubuntu-1ubuntu220.04"/>
    <property name="user.name" value="knoldus"/>
    <property name="path.separator" value=":"/>
    <property name="os.version" value="5.15.0-60-generic"/>
    <property name="java.runtime.name" value="OpenJDK Runtime Environment"/>
    <property name="file.encoding" value="UTF-8"/>
    <property name="java.vm.name" value="OpenJDK 64-Bit Server VM"/>
    <property name="localRepository" value="/home/knoldus/.m2/repository"/>
    <property name="java.vendor.url.bug" value="https://bugs.launchpad.net/ubuntu/+source/openjdk-lts"/>
    <property name="java.io.tmpdir" value="/tmp"/>
    <property name="java.version" value="11.0.17"/>
    <property name="user.dir" value="/home/knoldus/stringmanipulation/modify-string/string-api"/>
    <property name="os.arch" value="amd64"/>
    <property name="java.vm.specification.name" value="Java Virtual Machine Specification"/>
    <property name="java.awt.printerjob" value="sun.print.PSPrinterJob"/>
    <property name="sun.os.patch.level" value="unknown"/>
    <property name="java.library.path" value="/usr/java/packages/lib:/usr/lib/x86_64-linux-gnu/jni:/lib/x86_64-linux-gnu:/usr/lib/x86_64-linux-gnu:/usr/lib/jni:/lib:/usr/lib"/>
    <property name="java.vm.info" value="mixed mode, sharing"/>
    <property name="java.vendor" value="Ubuntu"/>
    <property name="java.vm.version" value="11.0.17+8-post-Ubuntu-1ubuntu220.04"/>
    <property name="sun.io.unicode.encoding" value="UnicodeLittle"/>
    <property name="java.class.version" value="55.0"/>
  </properties>
  <testcase name="shouldAnswerWithTrue" classname="com.knoldus.AppTest" time="0.003"/>
</testsuite>